<?xml version="1.0" encoding="UTF-8"?>
<!-- Generated by org.testng.reporters.JUnitReportReporter -->
<testsuite hostname="QT-INNO-LT1439" failures="0" tests="1" name="API.Test_PUT" time="13.344" errors="0" timestamp="2022-03-23T13:15:54 IST" skipped="0">
  <testcase classname="API.Test_PUT" name="test" time="13.344"/>
  <system-out/>
</testsuite> <!-- API.Test_PUT -->
