<?xml version="1.0" encoding="UTF-8"?>
<!-- Generated by org.testng.reporters.JUnitReportReporter -->
<testsuite hostname="QT-INNO-LT1439" failures="0" tests="3" name="API.Test_GET" time="2.628" errors="0" timestamp="2022-03-21T15:12:01 IST" skipped="0">
  <testcase classname="API.Test_GET" name="test3" time="0.179"/>
  <system-out/>
  <testcase classname="API.Test_GET" name="test2" time="0.757"/>
  <system-out/>
  <testcase classname="API.Test_GET" name="test1" time="1.692"/>
  <system-out/>
</testsuite> <!-- API.Test_GET -->
