<?xml version="1.0" encoding="UTF-8"?>
<!-- Generated by org.testng.reporters.JUnitReportReporter -->
<testsuite hostname="QT-INNO-LT1439" failures="0" tests="1" name="API.Test_Post" time="2.796" errors="0" timestamp="2022-03-22T10:28:40 IST" skipped="0">
  <testcase classname="API.Test_Post" name="test" time="2.796"/>
  <system-out/>
</testsuite> <!-- API.Test_Post -->
