<?xml version="1.0" encoding="UTF-8"?>
<!-- Generated by org.testng.reporters.JUnitReportReporter -->
<testsuite hostname="QT-INNO-LT1439" failures="0" tests="1" name="API.Test_PATCH" time="2.489" errors="0" timestamp="2022-03-22T10:33:58 IST" skipped="0">
  <testcase classname="API.Test_PATCH" name="test" time="2.489"/>
  <system-out/>
</testsuite> <!-- API.Test_PATCH -->
